<?xml version="1.0" encoding="UTF-8"?>
<testsuite name="Verificar el ingreso correcto al sitio Éxito y elegir los productos de compra" tests="1" skipped="0" failures="0" errors="0" timestamp="2023-01-15T04:00:18" hostname="CHBOGPF34MNC5" time="33.016">
  <properties/>
  <testcase name="Verificar el ingreso correcto al sitio Éxito y elegir los productos de compra" classname="Verificar el ingreso correcto al sitio Éxito y elegir los productos de compra" time="33.016"/>
  <system-out><![CDATA[El numero random generado es: 2.0
]]></system-out>
  <system-err><![CDATA[ene 14, 2023 11:00:19 PM org.openqa.selenium.remote.DesiredCapabilities chrome
INFORMACIÓN: Using `new ChromeOptions()` is preferred to `DesiredCapabilities.chrome()`
Starting ChromeDriver 108.0.5359.71 (1e0e3868ee06e91ad636a874420e3ca3ae3756ac-refs/branch-heads/5359@{#1016}) on port 8999
Only local connections are allowed.
Please see https://chromedriver.chromium.org/security-considerations for suggestions on keeping ChromeDriver safe.
ChromeDriver was started successfully.
ene 14, 2023 11:00:22 PM org.openqa.selenium.remote.ProtocolHandshake createSession
INFORMACIÓN: Detected dialect: W3C
[Test worker] INFO net.serenitybdd.core.Serenity - 
        __    _____ _____ ____ _____   ____   _    ____  ____  _____ ____  
  _     \ \  |_   _| ____/ ___|_   _| |  _ \ / \  / ___|/ ___|| ____|  _ \ 
 (_)_____| |   | | |  _| \___ \ | |   | |_) / _ \ \___ \\___ \|  _| | | | |
  _|_____| |   | | | |___ ___) || |   |  __/ ___ \ ___) |___) | |___| |_| |
 (_)     | |   |_| |_____|____/ |_|   |_| /_/   \_\____/|____/|_____|____/ 
        /_/                                                                

TEST PASSED: Verificar el ingreso correcto al sitio Éxito y elegir los productos de compra
----------------------------------------------------------------------------
]]></system-err>
</testsuite>
